<?xml version="1.0" encoding="UTF-8"?>
<!-- Generated by org.testng.reporters.JUnitReportReporter -->
<testsuite hostname="dulceria" failures="0" tests="2" name="pruebas.Incognito" time="32.990" errors="1" timestamp="07 dic 2023 23:09:22 GMT" skipped="1">
  <testcase classname="pruebas.Incognito" name="SearchItem" time="0.000">
    <skipped/>
  </testcase> <!-- SearchItem -->
  <testcase classname="pruebas.Incognito" name="LoadDriver" time="32.990">
    <error message="session not created: Chrome failed to start: exited normally.
  (chrome not reachable)
  (The process started from chrome location C:\Program Files\Google\Chrome\Application\chrome.exe is no longer running, so ChromeDriver is assuming that Chrome has crashed.)
Build info: version: &#039;4.0.0-alpha-5&#039;, revision: &#039;b3a0d621cc&#039;
System info: host: &#039;DULCERIA&#039;, ip: &#039;192.168.56.1&#039;, os.name: &#039;Windows 10&#039;, os.arch: &#039;amd64&#039;, os.version: &#039;10.0&#039;, java.version: &#039;17.0.9&#039;
Driver info: driver.version: ChromeDriver
remote stacktrace: 	GetHandleVerifier [0x00007FF6BAD582B2+55298]
	(No symbol) [0x00007FF6BACC5E02]
	(No symbol) [0x00007FF6BAB805AB]
	(No symbol) [0x00007FF6BABADCD8]
	(No symbol) [0x00007FF6BABAB30E]
	(No symbol) [0x00007FF6BABEA198]
	(No symbol) [0x00007FF6BABE9CB0]
	(No symbol) [0x00007FF6BABE1E83]
	(No symbol) [0x00007FF6BABB670A]
	(No symbol) [0x00007FF6BABB7964]
	GetHandleVerifier [0x00007FF6BB0D0AAB+3694587]
	GetHandleVerifier [0x00007FF6BB12728E+4048862]
	GetHandleVerifier [0x00007FF6BB11F173+4015811]
	GetHandleVerifier [0x00007FF6BADF47D6+695590]
	(No symbol) [0x00007FF6BACD0CE8]
	(No symbol) [0x00007FF6BACCCF34]
	(No symbol) [0x00007FF6BACCD062]
	(No symbol) [0x00007FF6BACBD3A3]
	BaseThreadInitThunk [0x00007FFAAAC07344+20]
	RtlUserThreadStart [0x00007FFAABD226B1+33]
" type="org.openqa.selenium.SessionNotCreatedException">
      <![CDATA[org.openqa.selenium.SessionNotCreatedException: session not created: Chrome failed to start: exited normally.
  (chrome not reachable)
  (The process started from chrome location C:\Program Files\Google\Chrome\Application\chrome.exe is no longer running, so ChromeDriver is assuming that Chrome has crashed.)
Build info: version: '4.0.0-alpha-5', revision: 'b3a0d621cc'
System info: host: 'DULCERIA', ip: '192.168.56.1', os.name: 'Windows 10', os.arch: 'amd64', os.version: '10.0', java.version: '17.0.9'
Driver info: driver.version: ChromeDriver
remote stacktrace: 	GetHandleVerifier [0x00007FF6BAD582B2+55298]
	(No symbol) [0x00007FF6BACC5E02]
	(No symbol) [0x00007FF6BAB805AB]
	(No symbol) [0x00007FF6BABADCD8]
	(No symbol) [0x00007FF6BABAB30E]
	(No symbol) [0x00007FF6BABEA198]
	(No symbol) [0x00007FF6BABE9CB0]
	(No symbol) [0x00007FF6BABE1E83]
	(No symbol) [0x00007FF6BABB670A]
	(No symbol) [0x00007FF6BABB7964]
	GetHandleVerifier [0x00007FF6BB0D0AAB+3694587]
	GetHandleVerifier [0x00007FF6BB12728E+4048862]
	GetHandleVerifier [0x00007FF6BB11F173+4015811]
	GetHandleVerifier [0x00007FF6BADF47D6+695590]
	(No symbol) [0x00007FF6BACD0CE8]
	(No symbol) [0x00007FF6BACCCF34]
	(No symbol) [0x00007FF6BACCD062]
	(No symbol) [0x00007FF6BACBD3A3]
	BaseThreadInitThunk [0x00007FFAAAC07344+20]
	RtlUserThreadStart [0x00007FFAABD226B1+33]

	at java.base/jdk.internal.reflect.NativeConstructorAccessorImpl.newInstance0(Native Method)
	at java.base/jdk.internal.reflect.NativeConstructorAccessorImpl.newInstance(NativeConstructorAccessorImpl.java:77)
	at java.base/jdk.internal.reflect.DelegatingConstructorAccessorImpl.newInstance(DelegatingConstructorAccessorImpl.java:45)
	at java.base/java.lang.reflect.Constructor.newInstanceWithCaller(Constructor.java:499)
	at java.base/java.lang.reflect.Constructor.newInstance(Constructor.java:480)
	at org.openqa.selenium.remote.W3CHandshakeResponse.lambda$errorHandler$0(W3CHandshakeResponse.java:62)
	at org.openqa.selenium.remote.HandshakeResponse.lambda$getResponseFunction$0(HandshakeResponse.java:30)
	at org.openqa.selenium.remote.ProtocolHandshake.lambda$createSession$1(ProtocolHandshake.java:126)
	at java.base/java.util.stream.ReferencePipeline$3$1.accept(ReferencePipeline.java:197)
	at java.base/java.util.Spliterators$ArraySpliterator.tryAdvance(Spliterators.java:1002)
	at java.base/java.util.stream.ReferencePipeline.forEachWithCancel(ReferencePipeline.java:129)
	at java.base/java.util.stream.AbstractPipeline.copyIntoWithCancel(AbstractPipeline.java:527)
	at java.base/java.util.stream.AbstractPipeline.copyInto(AbstractPipeline.java:513)
	at java.base/java.util.stream.AbstractPipeline.wrapAndCopyInto(AbstractPipeline.java:499)
	at java.base/java.util.stream.FindOps$FindOp.evaluateSequential(FindOps.java:150)
	at java.base/java.util.stream.AbstractPipeline.evaluate(AbstractPipeline.java:234)
	at java.base/java.util.stream.ReferencePipeline.findFirst(ReferencePipeline.java:647)
	at org.openqa.selenium.remote.ProtocolHandshake.createSession(ProtocolHandshake.java:128)
	at org.openqa.selenium.remote.ProtocolHandshake.createSession(ProtocolHandshake.java:75)
	at org.openqa.selenium.remote.HttpCommandExecutor.execute(HttpCommandExecutor.java:139)
	at org.openqa.selenium.remote.service.DriverCommandExecutor.execute(DriverCommandExecutor.java:83)
	at org.openqa.selenium.remote.RemoteWebDriver.execute(RemoteWebDriver.java:582)
	at org.openqa.selenium.remote.RemoteWebDriver.startSession(RemoteWebDriver.java:216)
	at org.openqa.selenium.remote.RemoteWebDriver.<init>(RemoteWebDriver.java:136)
	at org.openqa.selenium.chromium.ChromiumDriver.<init>(ChromiumDriver.java:75)
	at org.openqa.selenium.chrome.ChromeDriver.<init>(ChromeDriver.java:163)
	at org.openqa.selenium.chrome.ChromeDriver.<init>(ChromeDriver.java:150)
	at org.openqa.selenium.chrome.ChromeDriver.<init>(ChromeDriver.java:139)
	at pruebas.Incognito.LoadDriver(Incognito.java:22)
	at java.base/jdk.internal.reflect.NativeMethodAccessorImpl.invoke0(Native Method)
	at java.base/jdk.internal.reflect.NativeMethodAccessorImpl.invoke(NativeMethodAccessorImpl.java:77)
	at java.base/jdk.internal.reflect.DelegatingMethodAccessorImpl.invoke(DelegatingMethodAccessorImpl.java:43)
	at java.base/java.lang.reflect.Method.invoke(Method.java:568)
	at org.testng.internal.MethodInvocationHelper.invokeMethod(MethodInvocationHelper.java:108)
	at org.testng.internal.Invoker.invokeConfigurationMethod(Invoker.java:523)
	at org.testng.internal.Invoker.invokeConfigurations(Invoker.java:224)
	at org.testng.internal.Invoker.invokeConfigurations(Invoker.java:146)
	at org.testng.SuiteRunner.privateRun(SuiteRunner.java:326)
	at org.testng.SuiteRunner.run(SuiteRunner.java:289)
	at org.testng.SuiteRunnerWorker.runSuite(SuiteRunnerWorker.java:52)
	at org.testng.SuiteRunnerWorker.run(SuiteRunnerWorker.java:86)
	at org.testng.TestNG.runSuitesSequentially(TestNG.java:1301)
	at org.testng.TestNG.runSuitesLocally(TestNG.java:1226)
	at org.testng.TestNG.runSuites(TestNG.java:1144)
	at org.testng.TestNG.run(TestNG.java:1115)
	at org.testng.remote.AbstractRemoteTestNG.run(AbstractRemoteTestNG.java:115)
	at org.testng.remote.RemoteTestNG.initAndRun(RemoteTestNG.java:251)
	at org.testng.remote.RemoteTestNG.main(RemoteTestNG.java:77)
]]>
    </error>
  </testcase> <!-- LoadDriver -->
</testsuite> <!-- pruebas.Incognito -->
