<?xml version="1.0" encoding="UTF-8"?>
<!-- Generated by org.testng.reporters.JUnitXMLReporter -->
<testsuite ignored="0" hostname="dulceria" failures="0" tests="1" name="PruebasChrome" time="5.26" errors="0" timestamp="30 nov 2023 17:11:30 GMT">
  <testcase classname="pruebas.Crossbrowser" name="@BeforeMethod SetUp" time="5.223">
    <failure type="org.openqa.selenium.remote.http.ConnectionFailedException" message="Unable to establish websocket connection to http://localhost:57410/devtools/browser/168df12e-052f-460b-8b07-a6c56a7069e4
Build info: version: &amp;apos;4.0.0-alpha-5&amp;apos;, revision: &amp;apos;b3a0d621cc&amp;apos;
System info: host: &amp;apos;DULCERIA&amp;apos;, ip: &amp;apos;192.168.56.1&amp;apos;, os.name: &amp;apos;Windows 10&amp;apos;, os.arch: &amp;apos;amd64&amp;apos;, os.version: &amp;apos;10.0&amp;apos;, java.version: &amp;apos;17.0.9&amp;apos;
Driver info: driver.version: ChromeDriver">
      <![CDATA[org.openqa.selenium.remote.http.ConnectionFailedException: Unable to establish websocket connection to http://localhost:57410/devtools/browser/168df12e-052f-460b-8b07-a6c56a7069e4
Build info: version: '4.0.0-alpha-5', revision: 'b3a0d621cc'
System info: host: 'DULCERIA', ip: '192.168.56.1', os.name: 'Windows 10', os.arch: 'amd64', os.version: '10.0', java.version: '17.0.9'
Driver info: driver.version: ChromeDriver
	at org.openqa.selenium.remote.http.netty.NettyWebSocket.<init>(NettyWebSocket.java:89)
	at org.openqa.selenium.remote.http.netty.NettyWebSocket.lambda$create$3(NettyWebSocket.java:117)
	at org.openqa.selenium.remote.http.netty.NettyClient.openSocket(NettyClient.java:55)
	at org.openqa.selenium.devtools.Connection.<init>(Connection.java:61)
	at org.openqa.selenium.chromium.ChromiumDevToolsLocator.getChromeConnector(ChromiumDevToolsLocator.java:80)
	at org.openqa.selenium.chromium.ChromiumDriver.<init>(ChromiumDriver.java:82)
	at org.openqa.selenium.chrome.ChromeDriver.<init>(ChromeDriver.java:163)
	at org.openqa.selenium.chrome.ChromeDriver.<init>(ChromeDriver.java:150)
	at org.openqa.selenium.chrome.ChromeDriver.<init>(ChromeDriver.java:105)
	at pruebas.Crossbrowser.SetUp(Crossbrowser.java:23)
... Removed 27 stack frames]]>
    </failure>
  </testcase> <!-- @BeforeMethod SetUp -->
  <testcase classname="pruebas.Crossbrowser" name="SearchWord" time="0.001">
    <skipped/>
  </testcase> <!-- SearchWord -->
</testsuite> <!-- PruebasChrome -->
