<?xml version="1.0" encoding="UTF-8"?>
<!-- Generated by org.testng.reporters.JUnitXMLReporter -->
<testsuite ignored="0" hostname="dulceria" failures="0" tests="2" name="Test" time="0.044" errors="0" timestamp="07 dic 2023 22:15:57 GMT">
  <testcase classname="pruebas.Incognito" name="@BeforeSuite LoadDriver" time="7.001">
    <failure type="org.openqa.selenium.remote.http.ConnectionFailedException" message="Unable to establish websocket connection to http://localhost:61929/devtools/browser/2cbd753f-e1f0-4aeb-9eb8-3deb244e143c
Build info: version: &amp;apos;4.0.0-alpha-5&amp;apos;, revision: &amp;apos;b3a0d621cc&amp;apos;
System info: host: &amp;apos;DULCERIA&amp;apos;, ip: &amp;apos;192.168.56.1&amp;apos;, os.name: &amp;apos;Windows 10&amp;apos;, os.arch: &amp;apos;amd64&amp;apos;, os.version: &amp;apos;10.0&amp;apos;, java.version: &amp;apos;17.0.9&amp;apos;
Driver info: driver.version: ChromeDriver">
      <![CDATA[org.openqa.selenium.remote.http.ConnectionFailedException: Unable to establish websocket connection to http://localhost:61929/devtools/browser/2cbd753f-e1f0-4aeb-9eb8-3deb244e143c
Build info: version: '4.0.0-alpha-5', revision: 'b3a0d621cc'
System info: host: 'DULCERIA', ip: '192.168.56.1', os.name: 'Windows 10', os.arch: 'amd64', os.version: '10.0', java.version: '17.0.9'
Driver info: driver.version: ChromeDriver
	at org.openqa.selenium.remote.http.netty.NettyWebSocket.<init>(NettyWebSocket.java:89)
	at org.openqa.selenium.remote.http.netty.NettyWebSocket.lambda$create$3(NettyWebSocket.java:117)
	at org.openqa.selenium.remote.http.netty.NettyClient.openSocket(NettyClient.java:55)
	at org.openqa.selenium.devtools.Connection.<init>(Connection.java:61)
	at org.openqa.selenium.chromium.ChromiumDevToolsLocator.getChromeConnector(ChromiumDevToolsLocator.java:80)
	at org.openqa.selenium.chromium.ChromiumDriver.<init>(ChromiumDriver.java:82)
	at org.openqa.selenium.chrome.ChromeDriver.<init>(ChromeDriver.java:163)
	at org.openqa.selenium.chrome.ChromeDriver.<init>(ChromeDriver.java:150)
	at org.openqa.selenium.chrome.ChromeDriver.<init>(ChromeDriver.java:139)
	at pruebas.Incognito.LoadDriver(Incognito.java:22)
... Removed 19 stack frames]]>
    </failure>
  </testcase> <!-- @BeforeSuite LoadDriver -->
  <testcase classname="pruebas.lab4_E1" name="@BeforeSuite SetUp" time="0.0">
    <skipped/>
  </testcase> <!-- @BeforeSuite SetUp -->
  <testcase classname="pruebas.lab4_E1" name="gotoLogin" time="0.0">
    <skipped/>
  </testcase> <!-- gotoLogin -->
  <testcase classname="pruebas.Incognito" name="SearchItem" time="0.0">
    <skipped/>
  </testcase> <!-- SearchItem -->
</testsuite> <!-- Test -->
